app/build/intermediates/manifest_merge_blame_file/debug/processDebugMainManifest/manifest-merger-blame-debug-report.txt
1<?xml version="1.0" encoding="utf-8"?>
2<manifest xmlns:android="http://schemas.android.com/apk/res/android"
3    package="com.unique.tba"
4    android:versionCode="1"
5    android:versionName="1.0" >
6
7    <uses-sdk
8        android:minSdkVersion="24"
9        android:targetSdkVersion="35" />
10
11    <uses-permission android:name="android.permission.ACCESS_FINE_LOCATION" />
11-->src\main\AndroidManifest.xml:5:5-79
11-->src\main\AndroidManifest.xml:5:22-76
12    <uses-permission android:name="android.permission.ACCESS_COARSE_LOCATION" />
12-->src\main\AndroidManifest.xml:6:5-81
12-->src\main\AndroidManifest.xml:6:22-78
13    <uses-permission android:name="android.permission.INTERNET" />
13-->src\main\AndroidManifest.xml:7:5-67
13-->src\main\AndroidManifest.xml:7:22-64
14    <uses-permission android:name="android.permission.ACCESS_NETWORK_STATE" />
14-->src\main\AndroidManifest.xml:8:5-79
14-->src\main\AndroidManifest.xml:8:22-76
15    <uses-permission android:name="android.permission.USE_BIOMETRIC" /> <!-- suppress DeprecatedClassUsageInspection -->
15-->[androidx.biometric:biometric:1.1.0] AndroidManifest.xml:24:5-72
15-->[androidx.biometric:biometric:1.1.0] AndroidManifest.xml:24:22-69
16    <uses-permission android:name="android.permission.USE_FINGERPRINT" />
16-->[androidx.biometric:biometric:1.1.0] AndroidManifest.xml:27:5-74
16-->[androidx.biometric:biometric:1.1.0] AndroidManifest.xml:27:22-71
17
18    <permission
18-->[androidx.core:core:1.15.0] AndroidManifest.xml:22:5-24:47
19        android:name="com.unique.tba.DYNAMIC_RECEIVER_NOT_EXPORTED_PERMISSION"
19-->[androidx.core:core:1.15.0] AndroidManifest.xml:23:9-81
20        android:protectionLevel="signature" />
20-->[androidx.core:core:1.15.0] AndroidManifest.xml:24:9-44
21
22    <uses-permission android:name="com.unique.tba.DYNAMIC_RECEIVER_NOT_EXPORTED_PERMISSION" />
22-->[androidx.core:core:1.15.0] AndroidManifest.xml:26:5-97
22-->[androidx.core:core:1.15.0] AndroidManifest.xml:26:22-94
23
24    <application
24-->src\main\AndroidManifest.xml:10:5-33:19
25        android:name="com.unique.tba.TaskBreezeApplication"
25-->src\main\AndroidManifest.xml:11:9-46
26        android:allowBackup="true"
26-->src\main\AndroidManifest.xml:12:9-35
27        android:appComponentFactory="androidx.core.app.CoreComponentFactory"
27-->[androidx.core:core:1.15.0] AndroidManifest.xml:28:18-86
28        android:dataExtractionRules="@xml/data_extraction_rules"
28-->src\main\AndroidManifest.xml:13:9-65
29        android:debuggable="true"
30        android:extractNativeLibs="false"
31        android:fullBackupContent="@xml/backup_rules"
31-->src\main\AndroidManifest.xml:14:9-54
32        android:icon="@mipmap/ic_launcher"
32-->src\main\AndroidManifest.xml:15:9-43
33        android:label="@string/app_name"
33-->src\main\AndroidManifest.xml:16:9-41
34        android:networkSecurityConfig="@xml/network_security_config"
34-->src\main\AndroidManifest.xml:21:9-69
35        android:roundIcon="@mipmap/ic_launcher_round"
35-->src\main\AndroidManifest.xml:17:9-54
36        android:supportsRtl="true"
36-->src\main\AndroidManifest.xml:18:9-35
37        android:testOnly="true"
38        android:theme="@style/Theme.TaskBreeze" >
38-->src\main\AndroidManifest.xml:19:9-48
39        <activity
39-->src\main\AndroidManifest.xml:22:9-32:20
40            android:name="com.unique.tba.MainActivity"
40-->src\main\AndroidManifest.xml:23:13-41
41            android:exported="true"
41-->src\main\AndroidManifest.xml:24:13-36
42            android:label="@string/app_name"
42-->src\main\AndroidManifest.xml:25:13-45
43            android:theme="@style/Theme.TaskBreeze" >
43-->src\main\AndroidManifest.xml:26:13-52
44            <intent-filter>
44-->src\main\AndroidManifest.xml:27:13-31:29
45                <action android:name="android.intent.action.MAIN" />
45-->src\main\AndroidManifest.xml:28:17-69
45-->src\main\AndroidManifest.xml:28:25-66
46
47                <category android:name="android.intent.category.LAUNCHER" />
47-->src\main\AndroidManifest.xml:30:17-77
47-->src\main\AndroidManifest.xml:30:27-74
48            </intent-filter>
49        </activity>
50        <activity
50-->[androidx.compose.ui:ui-tooling-android:1.7.8] AndroidManifest.xml:23:9-25:39
51            android:name="androidx.compose.ui.tooling.PreviewActivity"
51-->[androidx.compose.ui:ui-tooling-android:1.7.8] AndroidManifest.xml:24:13-71
52            android:exported="true" />
52-->[androidx.compose.ui:ui-tooling-android:1.7.8] AndroidManifest.xml:25:13-36
53
54        <service
54-->[androidx.credentials:credentials-play-services-auth:1.5.0] AndroidManifest.xml:24:9-32:19
55            android:name="androidx.credentials.playservices.CredentialProviderMetadataHolder"
55-->[androidx.credentials:credentials-play-services-auth:1.5.0] AndroidManifest.xml:25:13-94
56            android:enabled="true"
56-->[androidx.credentials:credentials-play-services-auth:1.5.0] AndroidManifest.xml:26:13-35
57            android:exported="false" >
57-->[androidx.credentials:credentials-play-services-auth:1.5.0] AndroidManifest.xml:27:13-37
58            <meta-data
58-->[androidx.credentials:credentials-play-services-auth:1.5.0] AndroidManifest.xml:29:13-31:104
59                android:name="androidx.credentials.CREDENTIAL_PROVIDER_KEY"
59-->[androidx.credentials:credentials-play-services-auth:1.5.0] AndroidManifest.xml:30:17-76
60                android:value="androidx.credentials.playservices.CredentialProviderPlayServicesImpl" />
60-->[androidx.credentials:credentials-play-services-auth:1.5.0] AndroidManifest.xml:31:17-101
61        </service>
62
63        <activity
63-->[androidx.credentials:credentials-play-services-auth:1.5.0] AndroidManifest.xml:34:9-41:20
64            android:name="androidx.credentials.playservices.HiddenActivity"
64-->[androidx.credentials:credentials-play-services-auth:1.5.0] AndroidManifest.xml:35:13-76
65            android:configChanges="orientation|screenSize|screenLayout|keyboardHidden"
65-->[androidx.credentials:credentials-play-services-auth:1.5.0] AndroidManifest.xml:36:13-87
66            android:enabled="true"
66-->[androidx.credentials:credentials-play-services-auth:1.5.0] AndroidManifest.xml:37:13-35
67            android:exported="false"
67-->[androidx.credentials:credentials-play-services-auth:1.5.0] AndroidManifest.xml:38:13-37
68            android:fitsSystemWindows="true"
68-->[androidx.credentials:credentials-play-services-auth:1.5.0] AndroidManifest.xml:39:13-45
69            android:theme="@style/Theme.Hidden" >
69-->[androidx.credentials:credentials-play-services-auth:1.5.0] AndroidManifest.xml:40:13-48
70        </activity>
71        <activity
71-->[androidx.credentials:credentials-play-services-auth:1.5.0] AndroidManifest.xml:42:9-49:20
72            android:name="androidx.credentials.playservices.IdentityCredentialApiHiddenActivity"
72-->[androidx.credentials:credentials-play-services-auth:1.5.0] AndroidManifest.xml:43:13-97
73            android:configChanges="orientation|screenSize|screenLayout|keyboardHidden"
73-->[androidx.credentials:credentials-play-services-auth:1.5.0] AndroidManifest.xml:44:13-87
74            android:enabled="true"
74-->[androidx.credentials:credentials-play-services-auth:1.5.0] AndroidManifest.xml:45:13-35
75            android:exported="false"
75-->[androidx.credentials:credentials-play-services-auth:1.5.0] AndroidManifest.xml:46:13-37
76            android:fitsSystemWindows="true"
76-->[androidx.credentials:credentials-play-services-auth:1.5.0] AndroidManifest.xml:47:13-45
77            android:theme="@style/Theme.Hidden" >
77-->[androidx.credentials:credentials-play-services-auth:1.5.0] AndroidManifest.xml:48:13-48
78        </activity>
79        <activity
79-->[com.google.android.gms:play-services-auth:21.3.0] AndroidManifest.xml:23:9-27:75
80            android:name="com.google.android.gms.auth.api.signin.internal.SignInHubActivity"
80-->[com.google.android.gms:play-services-auth:21.3.0] AndroidManifest.xml:24:13-93
81            android:excludeFromRecents="true"
81-->[com.google.android.gms:play-services-auth:21.3.0] AndroidManifest.xml:25:13-46
82            android:exported="false"
82-->[com.google.android.gms:play-services-auth:21.3.0] AndroidManifest.xml:26:13-37
83            android:theme="@android:style/Theme.Translucent.NoTitleBar" />
83-->[com.google.android.gms:play-services-auth:21.3.0] AndroidManifest.xml:27:13-72
84        <!--
85            Service handling Google Sign-In user revocation. For apps that do not integrate with
86            Google Sign-In, this service will never be started.
87        -->
88        <service
88-->[com.google.android.gms:play-services-auth:21.3.0] AndroidManifest.xml:33:9-37:51
89            android:name="com.google.android.gms.auth.api.signin.RevocationBoundService"
89-->[com.google.android.gms:play-services-auth:21.3.0] AndroidManifest.xml:34:13-89
90            android:exported="true"
90-->[com.google.android.gms:play-services-auth:21.3.0] AndroidManifest.xml:35:13-36
91            android:permission="com.google.android.gms.auth.api.signin.permission.REVOCATION_NOTIFICATION"
91-->[com.google.android.gms:play-services-auth:21.3.0] AndroidManifest.xml:36:13-107
92            android:visibleToInstantApps="true" />
92-->[com.google.android.gms:play-services-auth:21.3.0] AndroidManifest.xml:37:13-48
93
94        <activity
94-->[com.google.android.gms:play-services-base:18.5.0] AndroidManifest.xml:5:9-173
95            android:name="com.google.android.gms.common.api.GoogleApiActivity"
95-->[com.google.android.gms:play-services-base:18.5.0] AndroidManifest.xml:5:19-85
96            android:exported="false"
96-->[com.google.android.gms:play-services-base:18.5.0] AndroidManifest.xml:5:146-170
97            android:theme="@android:style/Theme.Translucent.NoTitleBar" />
97-->[com.google.android.gms:play-services-base:18.5.0] AndroidManifest.xml:5:86-145
98
99        <meta-data
99-->[com.google.android.gms:play-services-basement:18.4.0] AndroidManifest.xml:6:9-122
100            android:name="com.google.android.gms.version"
100-->[com.google.android.gms:play-services-basement:18.4.0] AndroidManifest.xml:6:20-65
101            android:value="@integer/google_play_services_version" />
101-->[com.google.android.gms:play-services-basement:18.4.0] AndroidManifest.xml:6:66-119
102
103        <provider
103-->[androidx.emoji2:emoji2:1.3.0] AndroidManifest.xml:24:9-32:20
104            android:name="androidx.startup.InitializationProvider"
104-->[androidx.emoji2:emoji2:1.3.0] AndroidManifest.xml:25:13-67
105            android:authorities="com.unique.tba.androidx-startup"
105-->[androidx.emoji2:emoji2:1.3.0] AndroidManifest.xml:26:13-68
106            android:exported="false" >
106-->[androidx.emoji2:emoji2:1.3.0] AndroidManifest.xml:27:13-37
107            <meta-data
107-->[androidx.emoji2:emoji2:1.3.0] AndroidManifest.xml:29:13-31:52
108                android:name="androidx.emoji2.text.EmojiCompatInitializer"
108-->[androidx.emoji2:emoji2:1.3.0] AndroidManifest.xml:30:17-75
109                android:value="androidx.startup" />
109-->[androidx.emoji2:emoji2:1.3.0] AndroidManifest.xml:31:17-49
110            <meta-data
110-->[androidx.lifecycle:lifecycle-process:2.8.7] AndroidManifest.xml:29:13-31:52
111                android:name="androidx.lifecycle.ProcessLifecycleInitializer"
111-->[androidx.lifecycle:lifecycle-process:2.8.7] AndroidManifest.xml:30:17-78
112                android:value="androidx.startup" />
112-->[androidx.lifecycle:lifecycle-process:2.8.7] AndroidManifest.xml:31:17-49
113            <meta-data
113-->[androidx.profileinstaller:profileinstaller:1.4.0] AndroidManifest.xml:29:13-31:52
114                android:name="androidx.profileinstaller.ProfileInstallerInitializer"
114-->[androidx.profileinstaller:profileinstaller:1.4.0] AndroidManifest.xml:30:17-85
115                android:value="androidx.startup" />
115-->[androidx.profileinstaller:profileinstaller:1.4.0] AndroidManifest.xml:31:17-49
116        </provider>
117
118        <activity
118-->[androidx.compose.ui:ui-test-manifest:1.7.8] AndroidManifest.xml:23:9-25:39
119            android:name="androidx.activity.ComponentActivity"
119-->[androidx.compose.ui:ui-test-manifest:1.7.8] AndroidManifest.xml:24:13-63
120            android:exported="true" />
120-->[androidx.compose.ui:ui-test-manifest:1.7.8] AndroidManifest.xml:25:13-36
121
122        <service
122-->[androidx.room:room-runtime:2.6.1] AndroidManifest.xml:24:9-28:63
123            android:name="androidx.room.MultiInstanceInvalidationService"
123-->[androidx.room:room-runtime:2.6.1] AndroidManifest.xml:25:13-74
124            android:directBootAware="true"
124-->[androidx.room:room-runtime:2.6.1] AndroidManifest.xml:26:13-43
125            android:exported="false" />
125-->[androidx.room:room-runtime:2.6.1] AndroidManifest.xml:27:13-37
126
127        <receiver
127-->[androidx.profileinstaller:profileinstaller:1.4.0] AndroidManifest.xml:34:9-52:20
128            android:name="androidx.profileinstaller.ProfileInstallReceiver"
128-->[androidx.profileinstaller:profileinstaller:1.4.0] AndroidManifest.xml:35:13-76
129            android:directBootAware="false"
129-->[androidx.profileinstaller:profileinstaller:1.4.0] AndroidManifest.xml:36:13-44
130            android:enabled="true"
130-->[androidx.profileinstaller:profileinstaller:1.4.0] AndroidManifest.xml:37:13-35
131            android:exported="true"
131-->[androidx.profileinstaller:profileinstaller:1.4.0] AndroidManifest.xml:38:13-36
132            android:permission="android.permission.DUMP" >
132-->[androidx.profileinstaller:profileinstaller:1.4.0] AndroidManifest.xml:39:13-57
133            <intent-filter>
133-->[androidx.profileinstaller:profileinstaller:1.4.0] AndroidManifest.xml:40:13-42:29
134                <action android:name="androidx.profileinstaller.action.INSTALL_PROFILE" />
134-->[androidx.profileinstaller:profileinstaller:1.4.0] AndroidManifest.xml:41:17-91
134-->[androidx.profileinstaller:profileinstaller:1.4.0] AndroidManifest.xml:41:25-88
135            </intent-filter>
136            <intent-filter>
136-->[androidx.profileinstaller:profileinstaller:1.4.0] AndroidManifest.xml:43:13-45:29
137                <action android:name="androidx.profileinstaller.action.SKIP_FILE" />
137-->[androidx.profileinstaller:profileinstaller:1.4.0] AndroidManifest.xml:44:17-85
137-->[androidx.profileinstaller:profileinstaller:1.4.0] AndroidManifest.xml:44:25-82
138            </intent-filter>
139            <intent-filter>
139-->[androidx.profileinstaller:profileinstaller:1.4.0] AndroidManifest.xml:46:13-48:29
140                <action android:name="androidx.profileinstaller.action.SAVE_PROFILE" />
140-->[androidx.profileinstaller:profileinstaller:1.4.0] AndroidManifest.xml:47:17-88
140-->[androidx.profileinstaller:profileinstaller:1.4.0] AndroidManifest.xml:47:25-85
141            </intent-filter>
142            <intent-filter>
142-->[androidx.profileinstaller:profileinstaller:1.4.0] AndroidManifest.xml:49:13-51:29
143                <action android:name="androidx.profileinstaller.action.BENCHMARK_OPERATION" />
143-->[androidx.profileinstaller:profileinstaller:1.4.0] AndroidManifest.xml:50:17-95
143-->[androidx.profileinstaller:profileinstaller:1.4.0] AndroidManifest.xml:50:25-92
144            </intent-filter>
145        </receiver>
146    </application>
147
148</manifest>